-------------------------------------------------------------------------------
Test set: com.example.demo.InnoNpouchServerApplicationTests
-------------------------------------------------------------------------------
Tests run: 1, Failures: 0, Errors: 1, Skipped: 0, Time elapsed: 1.706 s <<< FAILURE! - in com.example.demo.InnoNpouchServerApplicationTests
com.example.demo.InnoNpouchServerApplicationTests  Time elapsed: 1.703 s  <<< ERROR!
java.lang.IllegalStateException: Unable to find a @SpringBootConfiguration, you need to use @ContextConfiguration or @SpringBootTest(classes=...) with your test

