-------------------------------------------------------------------------------
Test set: demo.InnoNpouchServerApplicationTests
-------------------------------------------------------------------------------
Tests run: 1, Failures: 0, Errors: 1, Skipped: 0, Time elapsed: 0.804 s <<< FAILURE! - in demo.InnoNpouchServerApplicationTests
demo.InnoNpouchServerApplicationTests  Time elapsed: 0.803 s  <<< ERROR!
java.lang.IllegalStateException: Unable to find a @SpringBootConfiguration, you need to use @ContextConfiguration or @SpringBootTest(classes=...) with your test

