-------------------------------------------------------------------------------
Test set: InnoNpouchServerApplicationTests
-------------------------------------------------------------------------------
Tests run: 1, Failures: 0, Errors: 1, Skipped: 0, Time elapsed: 0.783 s <<< FAILURE! - in InnoNpouchServerApplicationTests
InnoNpouchServerApplicationTests  Time elapsed: 0.782 s  <<< ERROR!
java.lang.IllegalStateException: Unable to find a @SpringBootConfiguration, you need to use @ContextConfiguration or @SpringBootTest(classes=...) with your test

