<?xml version="1.0" encoding="UTF-8"?>
<testsuite xmlns:xsi="http://www.w3.org/2001/XMLSchema-instance" xsi:noNamespaceSchemaLocation="https://maven.apache.org/surefire/maven-surefire-plugin/xsd/surefire-test-report.xsd" name="demo.InnoNpouchServerApplicationTests" time="0.804" tests="1" errors="1" skipped="0" failures="0">
  <properties>
[...]
</properties>
  <testcase name="demo.InnoNpouchServerApplicationTests" classname="demo.InnoNpouchServerApplicationTests" time="0.803">
    <error message="Unable to find a @SpringBootConfiguration, you need to use @ContextConfiguration or @SpringBootTest(classes=...) with your test" type="java.lang.IllegalStateException">java.lang.IllegalStateException: Unable to find a @SpringBootConfiguration, you need to use @ContextConfiguration or @SpringBootTest(classes=...) with your test
</error>
    <system-out><![CDATA[20221223 15:46:47.015 [main] INFO o.s.b.t.c.SpringBootTestContextBootstrapper - Neither @ContextConfiguration nor @ContextHierarchy found for test class [demo.InnoNpouchServerApplicationTests], using SpringBootContextLoader 
20221223 15:46:47.023 [main] INFO o.s.t.c.s.AbstractContextLoader - Could not detect default resource locations for test class [demo.InnoNpouchServerApplicationTests]: no resource found for suffixes {-context.xml, Context.groovy}. 
20221223 15:46:47.026 [main] INFO o.s.t.c.s.AnnotationConfigContextLoaderUtils - Could not detect default configuration classes for test class [demo.InnoNpouchServerApplicationTests]: InnoNpouchServerApplicationTests does not declare any static, non-private, non-final, nested classes annotated with @Configuration. 
]]></system-out>
  </testcase>
</testsuite>